Redditech/android/app/build/intermediates/manifest_merge_blame_file/debug/manifest-merger-blame-debug-report.txt
1<?xml version="1.0" encoding="utf-8"?>
2<manifest xmlns:android="http://schemas.android.com/apk/res/android"
3    package="com.applired"
4    android:versionCode="1"
5    android:versionName="1.0" >
6
7    <uses-sdk
8        android:minSdkVersion="21"
9        android:targetSdkVersion="30" />
10
11    <uses-permission android:name="android.permission.SYSTEM_ALERT_WINDOW" />
11-->src/debug/AndroidManifest.xml:5:5-77
11-->src/debug/AndroidManifest.xml:5:22-75
12    <uses-permission android:name="android.permission.INTERNET" />
12-->src/main/AndroidManifest.xml:4:5-67
12-->src/main/AndroidManifest.xml:4:22-64
13    <uses-permission android:name="android.permission.ACCESS_WIFI_STATE" />
13-->[com.facebook.flipper:flipper:0.99.0] AndroidManifest.xml:16:5-76
13-->[com.facebook.flipper:flipper:0.99.0] AndroidManifest.xml:16:22-73
14
15    <queries>
15-->[net.openid:appauth:0.8.1] AndroidManifest.xml:26:5-34:15
16        <intent>
16-->[net.openid:appauth:0.8.1] AndroidManifest.xml:27:9-33:18
17            <action android:name="android.intent.action.VIEW" />
17-->[net.openid:appauth:0.8.1] AndroidManifest.xml:28:13-65
17-->[net.openid:appauth:0.8.1] AndroidManifest.xml:28:21-62
18
19            <category android:name="android.intent.category.BROWSABLE" />
19-->[net.openid:appauth:0.8.1] AndroidManifest.xml:30:13-74
19-->[net.openid:appauth:0.8.1] AndroidManifest.xml:30:23-71
20
21            <data android:scheme="https" />
21-->[net.openid:appauth:0.8.1] AndroidManifest.xml:32:13-44
21-->[net.openid:appauth:0.8.1] AndroidManifest.xml:32:19-41
22        </intent>
23    </queries>
24
25    <application
25-->src/main/AndroidManifest.xml:6:5-24:19
26        android:name="com.applired.MainApplication"
26-->src/main/AndroidManifest.xml:7:7-38
27        android:allowBackup="false"
27-->src/main/AndroidManifest.xml:11:7-34
28        android:appComponentFactory="androidx.core.app.CoreComponentFactory"
28-->[androidx.core:core:1.5.0] AndroidManifest.xml:24:18-86
29        android:debuggable="true"
30        android:icon="@mipmap/ic_launcher"
30-->src/main/AndroidManifest.xml:9:7-41
31        android:label="@string/app_name"
31-->src/main/AndroidManifest.xml:8:7-39
32        android:roundIcon="@mipmap/ic_launcher_round"
32-->src/main/AndroidManifest.xml:10:7-52
33        android:testOnly="true"
34        android:theme="@style/AppTheme"
34-->src/main/AndroidManifest.xml:12:7-38
35        android:usesCleartextTraffic="true" >
35-->src/debug/AndroidManifest.xml:8:9-44
36        <activity android:name="com.facebook.react.devsupport.DevSettingsActivity" />
36-->src/debug/AndroidManifest.xml:11:9-86
36-->src/debug/AndroidManifest.xml:11:19-83
37        <activity
37-->src/main/AndroidManifest.xml:13:7-23:18
38            android:name="com.applired.MainActivity"
38-->src/main/AndroidManifest.xml:14:9-37
39            android:configChanges="keyboard|keyboardHidden|orientation|screenSize|uiMode"
39-->src/main/AndroidManifest.xml:16:9-86
40            android:label="@string/app_name"
40-->src/main/AndroidManifest.xml:15:9-41
41            android:launchMode="singleTask"
41-->src/main/AndroidManifest.xml:17:9-40
42            android:windowSoftInputMode="adjustResize" >
42-->src/main/AndroidManifest.xml:18:9-51
43            <intent-filter>
43-->src/main/AndroidManifest.xml:19:9-22:25
44                <action android:name="android.intent.action.MAIN" />
44-->src/main/AndroidManifest.xml:20:13-65
44-->src/main/AndroidManifest.xml:20:21-62
45
46                <category android:name="android.intent.category.LAUNCHER" />
46-->src/main/AndroidManifest.xml:21:13-73
46-->src/main/AndroidManifest.xml:21:23-70
47            </intent-filter>
48        </activity>
49        <activity
49-->[net.openid:appauth:0.8.1] AndroidManifest.xml:37:9-41:75
50            android:name="net.openid.appauth.AuthorizationManagementActivity"
50-->[net.openid:appauth:0.8.1] AndroidManifest.xml:38:13-78
51            android:exported="false"
51-->[net.openid:appauth:0.8.1] AndroidManifest.xml:39:13-37
52            android:launchMode="singleTask"
52-->[net.openid:appauth:0.8.1] AndroidManifest.xml:40:13-44
53            android:theme="@android:style/Theme.Translucent.NoTitleBar" />
53-->[net.openid:appauth:0.8.1] AndroidManifest.xml:41:13-72
54        <activity
54-->[net.openid:appauth:0.8.1] AndroidManifest.xml:42:9-53:20
55            android:name="net.openid.appauth.RedirectUriReceiverActivity"
55-->[net.openid:appauth:0.8.1] AndroidManifest.xml:43:13-74
56            android:exported="true" >
56-->[net.openid:appauth:0.8.1] AndroidManifest.xml:44:13-36
57            <intent-filter>
57-->[net.openid:appauth:0.8.1] AndroidManifest.xml:45:13-52:29
58                <action android:name="android.intent.action.VIEW" />
58-->[net.openid:appauth:0.8.1] AndroidManifest.xml:28:13-65
58-->[net.openid:appauth:0.8.1] AndroidManifest.xml:28:21-62
59
60                <category android:name="android.intent.category.DEFAULT" />
60-->[net.openid:appauth:0.8.1] AndroidManifest.xml:48:17-76
60-->[net.openid:appauth:0.8.1] AndroidManifest.xml:48:27-73
61                <category android:name="android.intent.category.BROWSABLE" />
61-->[net.openid:appauth:0.8.1] AndroidManifest.xml:30:13-74
61-->[net.openid:appauth:0.8.1] AndroidManifest.xml:30:23-71
62
63                <data android:scheme="com.applired" />
63-->[net.openid:appauth:0.8.1] AndroidManifest.xml:32:13-44
63-->[net.openid:appauth:0.8.1] AndroidManifest.xml:32:19-41
64            </intent-filter>
65        </activity>
66    </application>
67
68</manifest>